[debug] [2024-11-20T21:18:25.528Z] ----------------------------------------------------------------------
[debug] [2024-11-20T21:18:25.531Z] Command:       C:\Program Files\nodejs\node.exe C:\Users\Bryan\AppData\Roaming\npm\node_modules\firebase-tools\lib\bin\firebase.js init
[debug] [2024-11-20T21:18:25.532Z] CLI Version:   13.26.0
[debug] [2024-11-20T21:18:25.533Z] Platform:      win32
[debug] [2024-11-20T21:18:25.533Z] Node Version:  v18.20.3
[debug] [2024-11-20T21:18:25.534Z] Time:          Wed Nov 20 2024 13:18:25 GMT-0800 (Pacific Standard Time)
[debug] [2024-11-20T21:18:25.535Z] ----------------------------------------------------------------------
[debug] 
[debug] [2024-11-20T21:18:25.540Z] >>> [apiv2][query] GET https://firebase-public.firebaseio.com/cli.json [none]
[debug] [2024-11-20T21:18:25.585Z] > command requires scopes: ["email","openid","https://www.googleapis.com/auth/cloudplatformprojects.readonly","https://www.googleapis.com/auth/firebase","https://www.googleapis.com/auth/cloud-platform"]
[debug] [2024-11-20T21:18:25.586Z] > authorizing via signed-in user (bryankhor07@gmail.com)
[info] 
     ######## #### ########  ######## ########     ###     ######  ########
     ##        ##  ##     ## ##       ##     ##  ##   ##  ##       ##
     ######    ##  ########  ######   ########  #########  ######  ######
     ##        ##  ##    ##  ##       ##     ## ##     ##       ## ##
     ##       #### ##     ## ######## ########  ##     ##  ######  ########

You're about to initialize a Firebase project in this directory:

  C:\Users\Bryan\Documents\GitHub\online-recipe-app

[debug] [2024-11-20T21:18:25.782Z] <<< [apiv2][status] GET https://firebase-public.firebaseio.com/cli.json 200
[debug] [2024-11-20T21:18:25.782Z] <<< [apiv2][body] GET https://firebase-public.firebaseio.com/cli.json {"cloudBuildErrorAfter":1594252800000,"cloudBuildWarnAfter":1590019200000,"defaultNode10After":1594252800000,"minVersion":"3.0.5","node8DeploysDisabledAfter":1613390400000,"node8RuntimeDisabledAfter":1615809600000,"node8WarnAfter":1600128000000}
